<?xml version="1.0" encoding="UTF-8"?>
<!-- Generated by org.testng.reporters.JUnitReportReporter -->
<testsuite skipped="0" hostname="WIN-GEDESCREUP8" name="Test.Selenium_Jenkins_Integration" tests="1" failures="0" timestamp="03 Mar 2018 18:51:01 GMT" time="7.503" errors="0">
  <testcase name="test" time="7.503" classname="Test.Selenium_Jenkins_Integration"/>
</testsuite> <!-- Test.Selenium_Jenkins_Integration -->
